<?xml version="1.0" encoding="UTF-8" ?>
<testsuite tests="8" failures="0" name="com.toolrental.test.ToolRentalApplicationTest" time="0.126" errors="0" skipped="0">
  <properties>
    <property name="java.runtime.name" value="OpenJDK Runtime Environment"/>
    <property name="java.vm.version" value="11.0.15+10"/>
    <property name="sun.boot.library.path" value="/Users/hemanthjamili/.sdkman/candidates/java/11.0.15-tem/lib"/>
    <property name="gopherProxySet" value="false"/>
    <property name="maven.multiModuleProjectDirectory" value="/Users/hemanthjamili/Documents/ToolRental/toolrental"/>
    <property name="java.vm.vendor" value="Eclipse Adoptium"/>
    <property name="java.vendor.url" value="https://adoptium.net/"/>
    <property name="guice.disable.misplaced.annotation.check" value="true"/>
    <property name="path.separator" value=":"/>
    <property name="java.vm.name" value="OpenJDK 64-Bit Server VM"/>
    <property name="sun.os.patch.level" value="unknown"/>
    <property name="user.country" value="GB"/>
    <property name="sun.java.launcher" value="SUN_STANDARD"/>
    <property name="java.vm.specification.name" value="Java Virtual Machine Specification"/>
    <property name="user.dir" value="/Users/hemanthjamili/Documents/ToolRental/toolRental"/>
    <property name="java.vm.compressedOopsMode" value="Zero based"/>
    <property name="java.runtime.version" value="11.0.15+10"/>
    <property name="java.awt.graphicsenv" value="sun.awt.CGraphicsEnvironment"/>
    <property name="os.arch" value="x86_64"/>
    <property name="java.io.tmpdir" value="/var/folders/nt/7894ydbx4k7fv_b5rp49ll040000gp/T/"/>
    <property name="line.separator" value="
"/>
    <property name="java.vm.specification.vendor" value="Oracle Corporation"/>
    <property name="os.name" value="Mac OS X"/>
    <property name="classworlds.conf" value="/Users/hemanthjamili/.sdkman/candidates/maven/current/bin/m2.conf"/>
    <property name="sun.jnu.encoding" value="UTF-8"/>
    <property name="java.library.path" value="/Users/hemanthjamili/Library/Java/Extensions:/Library/Java/Extensions:/Network/Library/Java/Extensions:/System/Library/Java/Extensions:/usr/lib/java:."/>
    <property name="maven.conf" value="/Users/hemanthjamili/.sdkman/candidates/maven/current/conf"/>
    <property name="jdk.debug" value="release"/>
    <property name="java.class.version" value="55.0"/>
    <property name="java.specification.name" value="Java Platform API Specification"/>
    <property name="sun.management.compiler" value="HotSpot 64-Bit Tiered Compilers"/>
    <property name="os.version" value="12.7.4"/>
    <property name="library.jansi.path" value="/Users/hemanthjamili/.sdkman/candidates/maven/current/lib/jansi-native"/>
    <property name="http.nonProxyHosts" value="local|*.local|169.254/16|*.169.254/16"/>
    <property name="user.home" value="/Users/hemanthjamili"/>
    <property name="user.timezone" value="Asia/Kolkata"/>
    <property name="java.awt.printerjob" value="sun.lwawt.macosx.CPrinterJob"/>
    <property name="file.encoding" value="UTF-8"/>
    <property name="java.specification.version" value="11"/>
    <property name="user.name" value="hemanthjamili"/>
    <property name="java.class.path" value="/Users/hemanthjamili/.sdkman/candidates/maven/current/boot/plexus-classworlds-2.6.0.jar"/>
    <property name="java.vm.specification.version" value="11"/>
    <property name="sun.arch.data.model" value="64"/>
    <property name="sun.java.command" value="org.codehaus.plexus.classworlds.launcher.Launcher clean install"/>
    <property name="java.home" value="/Users/hemanthjamili/.sdkman/candidates/java/11.0.15-tem"/>
    <property name="user.language" value="en"/>
    <property name="java.specification.vendor" value="Oracle Corporation"/>
    <property name="awt.toolkit" value="sun.lwawt.macosx.LWCToolkit"/>
    <property name="java.vm.info" value="mixed mode"/>
    <property name="java.version" value="11.0.15"/>
    <property name="java.vendor" value="Eclipse Adoptium"/>
    <property name="maven.home" value="/Users/hemanthjamili/.sdkman/candidates/maven/current"/>
    <property name="file.separator" value="/"/>
    <property name="java.version.date" value="2022-04-19"/>
    <property name="java.vendor.url.bug" value="https://github.com/adoptium/adoptium-support/issues"/>
    <property name="sun.io.unicode.encoding" value="UnicodeBig"/>
    <property name="sun.cpu.endian" value="little"/>
    <property name="java.vendor.version" value="Temurin-11.0.15+10"/>
    <property name="socksNonProxyHosts" value="local|*.local|169.254/16|*.169.254/16"/>
    <property name="ftp.nonProxyHosts" value="local|*.local|169.254/16|*.169.254/16"/>
    <property name="sun.cpu.isalist" value=""/>
  </properties>
  <testcase classname="com.toolrental.test.ToolRentalApplicationTest" name="com.toolrental.test.ToolRentalApplicationTest.test1" time="0.066"/>
  <testcase classname="com.toolrental.test.ToolRentalApplicationTest" name="com.toolrental.test.ToolRentalApplicationTest.test2" time="0.033"/>
  <testcase classname="com.toolrental.test.ToolRentalApplicationTest" name="com.toolrental.test.ToolRentalApplicationTest.test3" time="0.005"/>
  <testcase classname="com.toolrental.test.ToolRentalApplicationTest" name="com.toolrental.test.ToolRentalApplicationTest.test4" time="0.001"/>
  <testcase classname="com.toolrental.test.ToolRentalApplicationTest" name="com.toolrental.test.ToolRentalApplicationTest.test5" time="0.001"/>
  <testcase classname="com.toolrental.test.ToolRentalApplicationTest" name="com.toolrental.test.ToolRentalApplicationTest.test6" time="0"/>
  <testcase classname="com.toolrental.test.ToolRentalApplicationTest" name="com.toolrental.test.ToolRentalApplicationTest.test7" time="0.001"/>
  <testcase classname="com.toolrental.test.ToolRentalApplicationTest" name="com.toolrental.test.ToolRentalApplicationTest.test8" time="0.019"/>
</testsuite>